<?xml version="1.0" encoding="UTF-8"?>
<testng-results ignored="0" total="1" passed="1" failed="0" skipped="0">
  <reporter-output>
  </reporter-output>
  <suite started-at="2026-03-14T18:58:17 IST" name="Default suite" finished-at="2026-03-14T18:58:24 IST" duration-ms="7123">
    <groups>
    </groups>
    <test started-at="2026-03-14T18:58:17 IST" name="Default test" finished-at="2026-03-14T18:58:24 IST" duration-ms="7123">
      <class name="Testclass.NewTest2">
        <test-method signature="sd()[pri:0, instance:Testclass.NewTest2@34a3d150]" started-at="2026-03-14T18:58:17 IST" name="sd" finished-at="2026-03-14T18:58:24 IST" duration-ms="7041" status="PASS">
          <reporter-output>
          </reporter-output>
        </test-method> <!-- sd -->
      </class> <!-- Testclass.NewTest2 -->
    </test> <!-- Default test -->
  </suite> <!-- Default suite -->
</testng-results>
